mode: set
github.com/bradpreston/bookings/internal/handlers/handlers.go:31.62,36.2 1 0
github.com/bradpreston/bookings/internal/handlers/handlers.go:39.54,44.2 1 1
github.com/bradpreston/bookings/internal/handlers/handlers.go:47.36,49.2 1 1
github.com/bradpreston/bookings/internal/handlers/handlers.go:52.67,55.2 2 1
github.com/bradpreston/bookings/internal/handlers/handlers.go:58.68,61.2 1 1
github.com/bradpreston/bookings/internal/handlers/handlers.go:64.71,66.2 1 1
github.com/bradpreston/bookings/internal/handlers/handlers.go:69.69,71.2 1 1
github.com/bradpreston/bookings/internal/handlers/handlers.go:74.76,76.2 1 1
github.com/bradpreston/bookings/internal/handlers/handlers.go:79.80,85.16 5 0
github.com/bradpreston/bookings/internal/handlers/handlers.go:89.2,90.16 2 0
github.com/bradpreston/bookings/internal/handlers/handlers.go:95.2,96.16 2 0
github.com/bradpreston/bookings/internal/handlers/handlers.go:101.2,101.21 1 0
github.com/bradpreston/bookings/internal/handlers/handlers.go:107.2,119.4 5 0
github.com/bradpreston/bookings/internal/handlers/handlers.go:85.16,88.3 2 0
github.com/bradpreston/bookings/internal/handlers/handlers.go:90.16,93.3 2 0
github.com/bradpreston/bookings/internal/handlers/handlers.go:96.16,99.3 2 0
github.com/bradpreston/bookings/internal/handlers/handlers.go:101.21,105.3 2 0
github.com/bradpreston/bookings/internal/handlers/handlers.go:131.79,133.16 2 1
github.com/bradpreston/bookings/internal/handlers/handlers.go:145.2,150.16 5 1
github.com/bradpreston/bookings/internal/handlers/handlers.go:162.2,163.16 2 1
github.com/bradpreston/bookings/internal/handlers/handlers.go:175.2,176.16 2 1
github.com/bradpreston/bookings/internal/handlers/handlers.go:188.2,189.16 2 1
github.com/bradpreston/bookings/internal/handlers/handlers.go:200.2,210.14 4 1
github.com/bradpreston/bookings/internal/handlers/handlers.go:133.16,143.3 5 0
github.com/bradpreston/bookings/internal/handlers/handlers.go:150.16,160.3 5 1
github.com/bradpreston/bookings/internal/handlers/handlers.go:163.16,173.3 5 0
github.com/bradpreston/bookings/internal/handlers/handlers.go:176.16,186.3 5 0
github.com/bradpreston/bookings/internal/handlers/handlers.go:189.16,199.3 5 0
github.com/bradpreston/bookings/internal/handlers/handlers.go:214.70,216.2 1 1
github.com/bradpreston/bookings/internal/handlers/handlers.go:219.74,221.9 2 1
github.com/bradpreston/bookings/internal/handlers/handlers.go:227.2,228.16 2 1
github.com/bradpreston/bookings/internal/handlers/handlers.go:234.2,252.4 10 1
github.com/bradpreston/bookings/internal/handlers/handlers.go:221.9,225.3 3 1
github.com/bradpreston/bookings/internal/handlers/handlers.go:228.16,232.3 3 1
github.com/bradpreston/bookings/internal/handlers/handlers.go:256.78,258.16 2 1
github.com/bradpreston/bookings/internal/handlers/handlers.go:264.2,269.16 5 1
github.com/bradpreston/bookings/internal/handlers/handlers.go:275.2,276.16 2 1
github.com/bradpreston/bookings/internal/handlers/handlers.go:282.2,283.16 2 1
github.com/bradpreston/bookings/internal/handlers/handlers.go:289.2,305.19 6 1
github.com/bradpreston/bookings/internal/handlers/handlers.go:316.2,317.16 2 1
github.com/bradpreston/bookings/internal/handlers/handlers.go:323.2,332.16 3 1
github.com/bradpreston/bookings/internal/handlers/handlers.go:338.2,340.66 2 1
github.com/bradpreston/bookings/internal/handlers/handlers.go:258.16,262.3 3 1
github.com/bradpreston/bookings/internal/handlers/handlers.go:269.16,273.3 3 1
github.com/bradpreston/bookings/internal/handlers/handlers.go:276.16,280.3 3 1
github.com/bradpreston/bookings/internal/handlers/handlers.go:283.16,287.3 3 1
github.com/bradpreston/bookings/internal/handlers/handlers.go:305.19,314.3 5 1
github.com/bradpreston/bookings/internal/handlers/handlers.go:317.16,321.3 3 1
github.com/bradpreston/bookings/internal/handlers/handlers.go:332.16,336.3 3 1
github.com/bradpreston/bookings/internal/handlers/handlers.go:344.81,346.9 2 0
github.com/bradpreston/bookings/internal/handlers/handlers.go:353.2,367.4 9 0
github.com/bradpreston/bookings/internal/handlers/handlers.go:346.9,351.3 4 0
github.com/bradpreston/bookings/internal/handlers/handlers.go:371.73,374.16 3 0
github.com/bradpreston/bookings/internal/handlers/handlers.go:379.2,380.9 2 0
github.com/bradpreston/bookings/internal/handlers/handlers.go:385.2,389.63 3 0
github.com/bradpreston/bookings/internal/handlers/handlers.go:374.16,377.3 2 0
github.com/bradpreston/bookings/internal/handlers/handlers.go:380.9,383.3 2 0
github.com/bradpreston/bookings/internal/handlers/handlers.go:393.71,395.16 2 0
github.com/bradpreston/bookings/internal/handlers/handlers.go:398.2,406.16 7 0
github.com/bradpreston/bookings/internal/handlers/handlers.go:411.2,420.63 7 0
github.com/bradpreston/bookings/internal/handlers/handlers.go:395.16,397.3 1 0
github.com/bradpreston/bookings/internal/handlers/handlers.go:406.16,409.3 2 0
